C51 COMPILER V9.60.0.0   HC138                                                             04/01/2023 20:33:03 PAGE 1   


C51 COMPILER V9.60.0.0, COMPILATION OF MODULE HC138
OBJECT MODULE PLACED IN ..\output\hc138.obj
COMPILER INVOKED BY: D:\software\keil\C51\BIN\C51.EXE ..\sourse\hc138.c OPTIMIZE(8,SPEED) BROWSE INCDIR(..\sourse) DEBUG
                    - OBJECTEXTEND PRINT(.\Listings\hc138.lst) TABS(2) OBJECT(..\output\hc138.obj)

line level    source

   1          #include "head.h"
   2          
   3          
   4          void SelectHC138(unsigned char n)
   5          {
   6   1        switch(n)
   7   1        {
   8   2          case 4:
   9   2            P2 = (P2 & 0x1f) | 0x80;
  10   2          break;
  11   2          
  12   2          case 5:
  13   2            P2 = (P2 & 0x1f) | 0xa0;
  14   2          break;
  15   2              
  16   2          case 6:
  17   2            P2 = (P2 & 0x1f) | 0xc0;
  18   2          break;
  19   2                  
  20   2          case 7:
  21   2            P2 = (P2 & 0x1f) | 0xe0;
  22   2          break;
  23   2                      
  24   2          case 0:
  25   2            P2 = (P2 & 0x1f) | 0x00;
  26   2          break;
  27   2        }
  28   1      
  29   1      }


MODULE INFORMATION:   STATIC OVERLAYABLE
   CODE SIZE        =     57    ----
   CONSTANT SIZE    =   ----    ----
   XDATA SIZE       =   ----    ----
   PDATA SIZE       =   ----    ----
   DATA SIZE        =   ----    ----
   IDATA SIZE       =   ----    ----
   BIT SIZE         =   ----    ----
END OF MODULE INFORMATION.


C51 COMPILATION COMPLETE.  0 WARNING(S),  0 ERROR(S)
