C51 COMPILER V9.60.0.0   KEY                                                               04/01/2023 20:36:52 PAGE 1   


C51 COMPILER V9.60.0.0, COMPILATION OF MODULE KEY
OBJECT MODULE PLACED IN ..\output\key.obj
COMPILER INVOKED BY: D:\software\keil\C51\BIN\C51.EXE ..\sourse\key.c OPTIMIZE(8,SPEED) BROWSE INCDIR(..\sourse) DEBUG O
                    -BJECTEXTEND PRINT(.\Listings\key.lst) TABS(2) OBJECT(..\output\key.obj)

line level    source

   1          #include "head.h"
   2          
   3          
   4          unsigned char sw = 1;
   5          unsigned char pwm_duty = 0;
   6          
   7          
   8          void delay(unsigned int t)
   9          {
  10   1        while(t--);
  11   1      }
  12          
  13          void pwm_led_sw()
  14          {
  15   1        if(sw == 1)
  16   1          pwm_duty = 10;
  17   1        else if(sw == 2)
  18   1          pwm_duty = 50;
  19   1        else if(sw == 3)
  20   1          pwm_duty = 90;
  21   1      }
  22          
  23          
  24          
  25          
  26          
  27          void SconKey()
  28          {
  29   1        R1 = 0;
  30   1        R2 = R3 = R4 = 1;
  31   1        C1 = C2 = C3 = C4 = 1;
  32   1        
  33   1        if(C4 == 0)
  34   1        {
  35   2          delay(100);
  36   2          if(C4 == 0)
  37   2          {
  38   3            sw ++;
  39   3          }
  40   2          while(C4 == 0);
  41   2        }
  42   1        
  43   1        
  44   1        if(sw == 4)
  45   1          sw = 1;
  46   1      }


MODULE INFORMATION:   STATIC OVERLAYABLE
   CODE SIZE        =     88    ----
   CONSTANT SIZE    =   ----    ----
   XDATA SIZE       =   ----    ----
   PDATA SIZE       =   ----    ----
   DATA SIZE        =      2    ----
C51 COMPILER V9.60.0.0   KEY                                                               04/01/2023 20:36:52 PAGE 2   

   IDATA SIZE       =   ----    ----
   BIT SIZE         =   ----    ----
END OF MODULE INFORMATION.


C51 COMPILATION COMPLETE.  0 WARNING(S),  0 ERROR(S)
