C51 COMPILER V9.60.0.0   LED                                                               04/01/2023 20:33:03 PAGE 1   


C51 COMPILER V9.60.0.0, COMPILATION OF MODULE LED
OBJECT MODULE PLACED IN ..\output\led.obj
COMPILER INVOKED BY: D:\software\keil\C51\BIN\C51.EXE ..\sourse\led.c OPTIMIZE(8,SPEED) BROWSE INCDIR(..\sourse) DEBUG O
                    -BJECTEXTEND PRINT(.\Listings\led.lst) TABS(2) OBJECT(..\output\led.obj)

line level    source

   1          #include "head.h"
   2          
   3          unsigned P0_DAT = 0xff;
   4          unsigned char count = 0;
   5          unsigned char stat = 0;
   6          
   7          
   8          
   9          
  10          void LED_config(unsigned char ledx,unsigned char ledx_en)
  11          {
  12   1        if(ledx_en == 0)
  13   1          P0_DAT |= 0x01<<(ledx-1);
  14   1        else
  15   1          P0_DAT &= ~(0x01<<(ledx-1));
  16   1        
  17   1        P0 = P0_DAT;
  18   1      }
  19          
  20          
  21          void led_pwm()
  22          {
  23   1        pwm_led_sw();
  24   1        count ++;
  25   1        if(count == pwm_duty)
  26   1        {
  27   2          LED_config(1,1);
  28   2        }
  29   1        else if(count == 100)
  30   1        {
  31   2          LED_config(1,0);
  32   2          count = 0;
  33   2        }
  34   1        
  35   1      
  36   1      }


MODULE INFORMATION:   STATIC OVERLAYABLE
   CODE SIZE        =     96    ----
   CONSTANT SIZE    =   ----    ----
   XDATA SIZE       =   ----    ----
   PDATA SIZE       =   ----    ----
   DATA SIZE        =      4    ----
   IDATA SIZE       =   ----    ----
   BIT SIZE         =   ----    ----
END OF MODULE INFORMATION.


C51 COMPILATION COMPLETE.  0 WARNING(S),  0 ERROR(S)
