C51 COMPILER V9.60.0.0   SMG                                                               04/02/2023 12:12:38 PAGE 1   


C51 COMPILER V9.60.0.0, COMPILATION OF MODULE SMG
OBJECT MODULE PLACED IN ..\output\SMG.obj
COMPILER INVOKED BY: D:\software\keil\C51\BIN\C51.EXE ..\sourse\SMG.c OPTIMIZE(8,SPEED) BROWSE INCDIR(..\sourse) DEBUG O
                    -BJECTEXTEND PRINT(.\Listings\SMG.lst) TABS(2) OBJECT(..\output\SMG.obj)

line level    source

   1          #include "head.h"
   2          
   3          unsigned char adr_1;
   4          unsigned char dat_1;
   5          
   6          /************************************数码管选值**********************************/
   7          unsigned char code SMG_duanma[22] ={  
   8            0xc0,//0
   9            0xf9,//1
  10            0xa4,//2
  11            0xb0,//3
  12            0x99,//4
  13            0x92,//5
  14            0x82,//6
  15            0xf8,//7
  16            0x80,//8
  17            0x90,//9
  18            0x88,//A
  19            0x83,//B
  20            0xc6,//C
  21            0xa1,//D
  22            0x86,//E
  23            0x8e, //F
  24            0x8c,//P
  25            0xc1,//U
  26            0x91,//Y,L
  27            0xbf,//-
  28            0x7f,
  29            0xff};
  30          
  31          
  32          /*********************************数码管位置***************************************/
  33          unsigned char code SMG_weizhi[8] ={0x01,0x02,0x04,0x08,0x10,0x20,0x40,0x80};
  34          
  35          void SMG_config(unsigned char adr,unsigned char dat)
  36          {
  37   1        SelectHC138(6);
  38   1        P0 = adr;
  39   1        delay(1);
  40   1        SelectHC138(7);
  41   1        P0 = dat;
  42   1      }
  43          
  44          
  45          
  46          
  47          
  48          
  49          
  50          void SMG_show()
  51          {
  52   1        static unsigned char i;
  53   1        i ++;
  54   1        if(i == 8)
C51 COMPILER V9.60.0.0   SMG                                                               04/02/2023 12:12:38 PAGE 2   

  55   1          i = 0;
  56   1        
  57   1        switch(i)
  58   1        {
  59   2          case 0:
  60   2            adr_1 = 0;
  61   2            dat_1 = 0;
  62   2          break;
  63   2            
  64   2          case 1:
  65   2            adr_1 = 1;
  66   2            dat_1 = 1;
  67   2          break;
  68   2            
  69   2          case 2:
  70   2            adr_1 = 2;
  71   2            dat_1 = 2;
  72   2          break;
  73   2                
  74   2          case 3:
  75   2            adr_1 = 3;
  76   2            dat_1 = 3;
  77   2          break;
  78   2                    
  79   2          case 4:
  80   2            adr_1 = 4;
  81   2            dat_1 = 4;
  82   2          break;
  83   2                        
  84   2          case 5:
  85   2            adr_1 = 5;
  86   2            dat_1 = 5;
  87   2          break;
  88   2                            
  89   2          case 6:
  90   2            adr_1 = 6;
  91   2            dat_1 = 6;
  92   2          break;
  93   2          
  94   2          case 7:
  95   2            adr_1 = 7;
  96   2            dat_1 = 7;
  97   2          break;
  98   2        
  99   2        }
 100   1        SMG_config(SMG_weizhi[adr_1],SMG_duanma[dat_1]);
 101   1      }
 102          
 103          
 104          
 105          
 106          
 107          
 108          


MODULE INFORMATION:   STATIC OVERLAYABLE
   CODE SIZE        =    154    ----
   CONSTANT SIZE    =     30    ----
   XDATA SIZE       =   ----    ----
   PDATA SIZE       =   ----    ----
   DATA SIZE        =      3       2
C51 COMPILER V9.60.0.0   SMG                                                               04/02/2023 12:12:38 PAGE 3   

   IDATA SIZE       =   ----    ----
   BIT SIZE         =   ----    ----
END OF MODULE INFORMATION.


C51 COMPILATION COMPLETE.  0 WARNING(S),  0 ERROR(S)
